[   0.0000] Initiaizg group subsys cpuet
[   .000000] Iitliing grp ubys cpu
[    0.000000] Initialiincgrop bs cpuacct
[   000000 Lnu vsion 44.12-generic (buildd@lc01md64-028) (gcc version 5.4.0 20160609 (Ubuntu 5.4.0-6ubuntu1~16.04.9) ) #148-Ubuntu SP Wed May 2 13:00:18 UTC 2018 (Ubuntu 4..0-124.148-generic 4.4.117)
[    0.000000] Command line:BOOT_IMAGE=/boot/vmlinuz-4.4.0-124-generic root=LABEL=cloudimg-rootfs ro console=tty1 console=ttyS0
[    0.000000] KERNEL supported cpus:
[    0.000000]   Intel GenuineIntel
[    0.000000]   AMD AuthenticAMD
[    0.000000]   Centaur CentaurHauls
[    0.000000] x86/fpu: xstate_offset[2]:  576, xstate_sizes[2]:  256
[    0.000000] x86/fpu: Supporting XSAVE feature 0x01: 'x87 floating point registers'
[    0.000000] x86/fpu: Supporting XSAVE feature 0x02: 'SSE registers'
[    0.000000] x86/fpu: Supporting XSAVE feature 0x04: 'AVX registers'
[    0.000000] x86/fpu: Enabled xstate features 0x7, context size is 832 bytes, using 'standard' format.
[    0.000000] x86/fpu: Using 'lazy'  FPU context switches.
[    0.000000] e820: BIOS-provided physical RAM map:
[    0.000000] BIOS-e820: [mem 0x0000000000000000-0x000000000009fbff] usable
  0.00000]BI-e20: [mm 0000000009c00x00000009fff reserved
[    0.000] BIS-20[mem 0x00000000f0000-0x0000000000fffff] reserved
[    0.0000BIS-e820: [m 000000000000-x000000fefff ubl
[   00000] BOSe80:[mm 0x0000000ff000-0x0000000fffff] ACPI data
[    0.000] IOS-e820: [me 00000000fec00000-0x00000000fec00fff] reserved
[   0.00000] BIOS-e820: [mem 0x00000000fee00000-0x00000000fee00fff] reserved
[    0.000000] BIOS-e820: [mem 0x00000000fffc0000-0x00000000ffffffff] reserved
[    0.000000] NX (Execute Disable) protection: active
[    0.000000] SMBIOS 2.5 present.
[    0.000000] Hypervisor detected: KVM
[    0.000000] e820: last_pfn = 0xff0 max_arch_pfn = 0x400000000
[    0.000000] MTRR: Disabled
[    0.000000] x86/PT: MTRRs disabled, skipping PAT initialization too.
[    0.000000] CPU MTRRs all blank - virtualized system.
[    0.000000] x86/PAT: Configuration [0-7]: WB  WT  UC- UC  WB  WT  UC- UC  [    0.000000] found SMP MP-table at [mem 0x0009fff0-0x0009ffff] mapped at [ffff8800009fff0
  0.00000] Scanning 1 areas for low memory crrtion
[    0.000] RAMDISK: [mem x0520-0x07f9fff]
[    00000 ACPI: Early table checksum verification disabled
[    .000] ACPI: SD0x000000000E00000024(v02 VBOX  )
[  0.000000] ACPI: SD 0x0000000F003 003C (v01 VBX  VBOXXST 00001 SL0000061)
[   .00000] PI FAC 0000000FFF00F0 0000F4 (v04 BO  VBOXAC 000001 ASL  00000061)
[    0.000000] ACPI: DSDT 0x0000000FFF0470 0021FF v02 VBOX   VBOXBIOS 00000002 INTL 20100528)
[    0.000000] ACPI: FACS 0x000000000FFF0200 000040
[    0.000000] ACPI: FACS 0x000000000FFF0200 000040
[    0.000000] ACPI: APIC 0x000000000FFF0240 00005C (v02 VBOX   VBOXAPIC 00000001 ASL  00000061)
[    0.000000] ACPI: SSDT 0x000000000FFF02A0 0001CC (v01 VBOX   VBOXCPUT 0000002 INTL 2000528)
[    0.00000]No NUMA configuration found
[    0.000000] Faking a node at [mem x00000000000-0x000000feffff]
[   000000] NODE_DATA(0) allocated [mem 0x0ffeb000-0x0ffeffff]
[    0.000000] kvm-clock: Using msrs 4b564d01 and 4b564d00
[    0.000000] kvm-clock: cpu 0, msr 0:ffe3001, primary cpu clock
[    0.000000] kvm-clock: using sched offset of 5015780240 cycles
[    0.000000] clocksource: kvm-clock: mask: 0xffffffffffffffff max_cycles: 0x1cd42e4dffb, max_idle_ns: 881590591483 ns
[    0.000000] Zone ranges:
[    0.000000]   DMA      [mem 0x0000000000001000-0x0000000000ffffff]
[    0.000000]   DMA32    [mem 0x0000000001000000-0x000000000ffeffff]
[    0.000000]   Normal   empty
[    0.000000]   Device   empty
[    0.000000] Movable zone start for each node
[    0.000000] Early memory node ranges
[    0.000000]   node   0: [mem 0x0000000000001000-0x000000000009efff]
[    0.000000]   node   0: [mem 0x0000000000100000-0x000000000ffeffff]
[    0.000000] Initmem setup node 0 [mem 0x0000000000001000-0x000000000ffeffff]
[    0.000000] ACPI: PM-Timer IO Port: 0x4008
  0.000000]IOIC0]: apic_i 2 vrsion 32, address 0xfec00000, GSI 0-23
[   00000] ACPI: INT_SRCOV(bs 0 bu_i 0gloalrq2 fl dfl)
[    0.0000 ACPI: IT_SROV(bs 0 usrq9 gob_i 9 low level)
[    0.000000] Using ACPI (MADT) for SMP configuration information
[    0.000000] smpboot: Allowing 2 CPUs, 0 hotplug PU
[   0.000000] PM: Registered nosav mmory [m x000000-x00000fff]
[    0.00000] PM: Reggistered nosave memory: [mem 0x0009f000-0x0009ffff]
[    0.000000] PM: Registered nosve memory: [mem 0x000a0000-0x000effff]
[    0.000000] PM: Registered nosave memory: [mem 0x000f0000-0x000fffff]
[    0.000000] e820: [mem 0x10000000-0xfebfffff] available for PCI devices
[    0.000000] Booting paravirtualized kernel on KVM
[    0.000000] clocksource: refine-jiffies: mask: 0xffffffff max_cycles: 0xffffffff, max_idle_ns: 7645519600211568 ns
[    0.000000] setup_percpu: NR_CPUS:512 nr_cpumask_bits:512 nr_cpu_ids:2 nr_ode_ids:1
[    0.000000] PERCPU: Embedded 34 pages/cpu @ffff88000fc00000 s99544 r8192 d3152u18576
[   00000]PVspnlck has tleentres 26 rder: 0, 4096byes)
   0.000000] Built 1 zonelists in Node order, mobility grouping on.  Total pages: 64376
[   0.000000] Policy zone: DMA32
[   0.00000]Keelcomman line: BOOT_IMAGE=/boot/vmin-4.4.0-14-nec rootLAL=oudimgrofsro cnse=tty1 cnsole=ty
    0.00000PI has tblentres104 (order: , 92bytes)
[  000000] Memory: 22792K/261688K avilable (8532K kernel code, 1313 rwdata, 3996K rodata, 1508K init, 1316K bss, 34196K reserved, 0K cma-reserved)
[    0.000000] SLUB: Walign=64, Order=0-3, MiinObjects=0, CPUs=2, Nodes=1
[    0.000000] Krnel/User page tables isolation: enabled
[    0.000000] Hierarchical RCU implementation.
[    0.000000] 	Build-time adjustment of leaf fanout to 64.
[    0.000000] 	RCU restricting CPUs from NR_CPUS=512 to nr_cpu_ids=2.
[    0.000000] RCU: Adjusting geometry for rcu_fanout_leaf=64, nr_cpu_ids=2
[    0.000000] NR_IRQS:33024 nr_irqs:440 16
[    0.000000] Console: colour VGA+ 80x25
[    0.000000] console [tty1] enabled
[    0.000000] console [ttyS0] enabled
[    0.000000] tsc: Detected 2904.000 MHz processor
[  5.171815] Calibrating delay loop (skipped) preset value.. 5808.00 BogoMIPS (lpj=11616000)
[    5.338950] pid_max: default: 32768 minimum: 301
[    5.355870] ACPI: Core revision 20150930
[    5.369577] ACPI: 2 ACPI AML tables successfully acquired and loaded
[    5.452459] Security Framework initialized
[    5.517919] Yama: becoming mindful.
[    5.568658] AppArmor: AppArmor initialized
[    5.628669] Dentry cache hash table entries: 32768 (order: 6, 262144 bytes)
[    5.703588] Inode-cache hash table entries: 16384 (order: 5, 131072 bytes)
[    5.779516] Mount-cache hash table entries: 512 (order: 0, 4096 bytes)
[    5.823637] Mountpoint-cache hash table entries: 512 (order: 0, 4096 bytes)
[    5.951484] Initializing cgroup subsys io
[    6.023859] Initializing cgroup subsys memory
[    6.064685] Initializing cgroup subsys devices
[    6.120716] Initializing cgroup subsys freezer
[    6.178600] Initializing cgroup subsys net_cls
[    6.207157] Initializing cgroup subsys perf_event
[    6.215595] Initializing cgroup subsys net_prio
[    6.218428] Initializing cgroup subsys hugetlb
[    6.226702] Initializing cgroup subsys pids
[    6.228368] CPU: Physical Processor ID: 0
[    6.231002] CPU: Processor Core ID: 0
[    6.235180] FEATURE SPEC_CTRL Not Present
[    6.237573] mce: CPU supports 0 MCE banks
[    6.239023] Last level iTLB entries: 4KB 64, 2MB 8, 4MB 8
[    6.240783] Last level dTLB entries: 4KB 64, 2MB 0, 4MB 0, 1GB 4
[    6.242755] Spectre V2 mitigation: Mitigation: Full generic retpoline
[    6.244706] Spectre V2 mitigation: Speculation control IBPB not-supported IBRS not-supported
[    6.250994] Spectre V2 mitigation: Filling RSB on context switch
[    6.265946] Freeing SMP alternatives memory: 32K
[    6.279243] ftrace: allocating 32202 entries in 126 pages
[    6.329114] smpboot: APIC(0) Converting physical 0 to logical package 0
[    6.388668] smpboot: Max logical packages: 1
[    6.453562] x2apic enabled
[    6.511579] Switched APIC routing to physical x2apic.
[    6.585841] ..TIMER: vector=0x30 apic1=0 pin1=2 apic2=-1 pin2=-1
[    6.799792] smpboot: CPU0: Intel(R) Core(TM) i7-7820HQ CPU @ 2.90GHz (family: 0x6, model: 0x9e, stepping: 0x9)
[    6.960733] Performance Events: unsupported p6 CPU model 158 no PMU driver, software events only.
[    7.065388] KVM setup paravirtual spinlock
[    7.104812] x86: Booting SMP configuration:
[    7.149516] .... node  #0, CPUs:      #1
[    7.216521] kvm-clock: cpu 1, msr 0:ffe3041, secondary cpu clock
[    7.239374] mce: CPU supports 0 MCE banks
[    7.256122] x86: Booted up 1 node, 2 CPUs
[    7.285606] smpboot: Total of 2 processors activated (11616.00 BogoMIPS)
[    7.287604] devtmpfs: initialized
[    7.306899] evm: security.selinux
[    7.324392] evm: security.SMACK64
[    7.325764] evm: security.SMACK64EXEC
[    7.340050] evm: security.SMACK64TRANSMUTE
[    7.341900] evm: security.SMACK64MMAP
[    7.352774] evm: security.ima
[    7.354381] evm: security.capability
[    7.357261] clocksource: jiffies: mask: 0xffffffff max_cycles: 0xffffffff, max_idle_ns: 7645041785100000 ns
[    7.376868] futex hash table entries: 512 (order: 3, 32768 bytes)
[    7.382836] pinctrl core: initialized pinctrl subsystem
[    7.386037] RTC time: 11:15:39, date: 05/15/18
[    7.393251] NET: Registered protocol family 16
[    7.403966] cpuidle: using governor ladder
[    7.416831] cpuidle: using governor menu
[    7.484822] PCCT header not found.
[    7.512535] ACPI: bus type PCI registered
[    7.561475] acpiphp: ACPI Hot Plug PCI Controller Driver version: 0.5
[    7.620924] PCI: Using configuration type 1 for base access
[    7.698709] ACPI: Added _OSI(Module Device)
[    7.748560] ACPI: Added _OSI(Processor Device)
[    7.809234] ACPI: Added _OSI(3.0 _SCP Extensions)
[    7.874299] ACPI: Added _OSI(Processor Aggregator Device)
[    7.923312] ACPI: Executed 1 blocks of module-level executable AML code
[    8.010949] ACPI: Interpreter enabled
[    8.066457] ACPI: (supports S0 S5)
[    8.100653] ACPI: Using IOAPIC for interrupt routing
[    8.164614] PCI: Using host bridge windows from ACPI; if necessary, use "pci=nocrs" and report a bug
[    8.188015] ACPI: PCI Root Bridge [PCI0] (domain 0000 [bus 00-ff])
[    8.281570] acpi PNP0A03:00: _OSC: OS supports [ASPM ClockPM Segments MSI]
[    8.332736] acpi PNP0A03:00: _OSC: not requesting OS control; OS requires [ExtendedConfig ASPM ClockPM MSI]
[    8.442184] acpi PNP0A03:00: fail to add MMCONFIG information, can't access extended PCI configuration space under this bridge.
[    8.469795] PCI host bridge to bus 0000:00
[    8.473082] pci_bus 0000:00: root bus resource [io  0x0000-0x0cf7 window]
[    8.475330] pci_bus 0000:00: root bus resource [io  0x0d00-0xffff window]
[    8.477461] pci_bus 0000:00: root bus resource [mem 0x000a0000-0x000bffff window]
[    8.482382] pci_bus 0000:00: root bus resource [mem 0x10000000-0xfdffffff window]
[    8.484964] pci_bus 0000:00: root bus resource [bus 00-ff]
[    8.492530] pci 0000:00:01.1: legacy IDE quirk: reg 0x10: [io  0x01f0-0x01f7]
[    8.497108] pci 0000:00:01.1: legacy IDE quirk: reg 0x14: [io  0x03f6]
[    8.508080] pci 0000:00:01.1: legacy IDE quirk: reg 0x18: [io  0x0170-0x0177]
[    8.516952] pci 0000:00:01.1: legacy IDE quirk: reg 0x1c: [io  0x0376]
[    8.532126] pci 0000:00:07.0: quirk: [io  0x4000-0x403f] claimed by PIIX4 ACPI
[    8.570330] pci 0000:00:07.0: quirk: [io  0x4100-0x410f] claimed by PIIX4 SMB
[    8.666400] ACPI: PCI Interrupt Link [LNKA] (IRQs 5 9 10 *11)
[    8.741561] ACPI: PCI Interrupt Link [LNKB] (IRQs 5 9 *10 11)
[    8.785954] ACPI: PCI Interrupt Link [LNKC] (IRQs 5 *9 10 11)
[    8.825790] ACPI: PCI Interrupt Link [LNKD] (IRQs 5 9 10 *11)
[    8.896868] ACPI: Enabled 2 GPEs in block 00 to 07
[    8.954815] vgaarb: setting as boot device: PCI:0000:00:02.0
[    9.014340] vgaarb: device added: PCI:0000:00:02.0,decodes=io+mem,owns=io+mem,locks=none
[    9.101750] vgaarb: loaded
[    9.141312] vgaarb: bridge control possible 0000:00:02.0
[    9.189559] SCSI subsystem initialized
[    9.242756] ACPI: bus type USB registered
[    9.294312] usbcore: registered new interface driver usbfs
[    9.345133] usbcore: registered new interface driver hub
[    9.346999] usbcore: registered new device driver usb
[    9.382672] PCI: Using ACPI for IRQ routing
[    9.429026] NetLabel: Initializing
[    9.486650] NetLabel:  domain hash size = 128
[    9.543159] NetLabel:  protocols = UNLABELED CIPSOv4
[    9.577272] NetLabel:  unlabeled traffic allowed by default
[    9.587096] amd_nb: Cannot enumerate AMD northbridges
[    9.594555] clocksource: Switched to clocksource kvm-clock
[    9.604432] AppArmor: AppArmor Filesystem Enabled
[    9.606227] pnp: PnP ACPI init
[    9.608481] pnp: PnP ACPI: found 3 devices
[    9.621453] clocksouce: acpi_pm: mask: 0xffffff max_cycles: 0xffffff, max_idle_ns: 2085701024 ns
[    9.649809] NET: Registered protocol family 2

[    9.651528] TCP established hash table entries: 2048 (order: 2, 16384 bytes)
[    9.653217] TCP bind hash table entries: 2048 (order: 3, 32768 bytes)
[    9.654642] TCP: Hash tables configured (established 2048 bind 2048)
[    9.656055] UDP hash table entries: 256 (order: 1, 8192 bytes)
[    9.657328] UDP-Lite hash table entries: 256 (order: 1, 8192 bytes)
[    9.658747] NET: Registered protocol family 1
[    9.659752] pci 0000:00:00.0: Limiting direct PCI/PCI transfers
[    9.661048] pci 0000:00:01.0: Activating ISA DMA hang workarounds
[    9.662421] Unpacking initramfs..
[   11.162109] Freeing initrd memory: 10912K
[   11.163716] platform rtc_cmos: registereplatform RTC device (no PNP device foun)[  11.258049] Scanning for low memory corruption every 60 seconds

[   11.303740] audit: initializing netlink subsys (disabled)
[   11.308455] audit: type=2000 audit(1526382941.023:1): initialized
[   11.324325] Initialise system trusted keyring
[   11.326057] HugeTLB registered 2 MB page size, pre-allocated 0 pages
[   11.481831] zbud: loaded
[   11.549552] VFS: Disk quotas dquot_6.6.0
[   11.650935] VFS: Dquot-cache hash table entries: 512 (order 0, 4096 bytes)
[   11.733870] squashfs: version 4.0 (2009/01/31) Phillip Lougher
[   11.802920] fuse init (API version 7.23)
[   11.804516] Key type big_key registered
[   11.836513] Allocating IMA MOK and blacklist keyrings.
[   11.851488] Key type asymmetric registered
[   11.853170] Asymmetric key parser 'x509' registered
[   11.856782] Block layer SCSI generic (bsg) driver version 0.4 loaded (major 249)
[   11.865888] io scheduler noop registered
[   11.867512] io scheduler deadline registered (default)
[   11.875800] io scheduler cfq registered
[   11.877438] pci_hotplug: PCI Hot Plug PCI Core version: 0.5
[   11.888091] pciehp: PCI Express Hot Plug Controller Driver version: 0.4
[   11.890627] ACPI: AC Adapter [AC] (off-line)
[   11.892230] input: Power Button as /devices/LNXSYSTM:00/LNXPWRBN:00/input/input0
[   11.894846] ACPI: Power Button [PWRF]
[   11.896375] input: Sleep Button as /devices/LNXSYSTM:00/LNXSLPBN:00/input/input1
[   11.901516] ACPI: Sleep Button [SLPF]
[   11.905629] ACPI: Battery Slot [BAT0] (battery present)
[   11.908724] GHES: HEST is not enabled!
[   11.911243] Serial: 8250/16550 driver, 32 ports, IRQ sharing enabled
[   11.935974] 00:02: ttyS0 at I/O 0x3f8 (irq== 4, base_baud = 115200) is a 16550A
[   12.109591] Linux agpgart interface v0.103
[   12.168085] tsc: Refined TSC clocksource calibration: 2909.026 MHz
[   12.168087] clocksource: tsc: mask: 0xffffffffffffffff max_yycles: 0x29ee918c545, max_idle_ns: 440795305797 ns
[   12.531092] loop: module loaded
[   12.589361] scsi host0: ata_piix
[   12.651171] scsi host1: ata_piix
[   12.690584] ata1: PATA max UDMA/33 cmd 0x1f0 ctl 0x3f6 bmdma 0xd000 irq 14
[   12.749293] ata2: PATA max UDMA/33 cmd 0x170 ctl 0x376 bmdma 0xd008 irq 15
[   12.828587] libphy: Fixed MDIO Bus: probed
[   12.861354] tun: Universal TUN/TAP device driver, 1.6
[   12.912188] tun: (C) 1999-2004 Max Krasnyansky <maxk@qualcomm.com>
[   12.949070] PPP generic driver version 2.4.2
[   12.967631] ehci_hcd: USB 2.0 'Enhanced' Host Controller (EHCI) Driver
[   12.979015] ehci-pci: EHCI PCI platform driver
[   12.980475] ehci-platform: EHCI generic platform driver
[   12.983807] ohci_hcd: USB 1.1 'Open' Host Controller (OHCI) Driver
[   12.985913] ohci-pci: OHCI PCI platform driver
[   12.987388] ohci-platform: OHCI generic platform driver
[   12.989008] uhci_hcd: USB Universal Host Controller Interface driver
[   12.991247] i8042: PNP: PS/2 Controller [PNP0303:PS2K,PNP0f03:PS2M] at 0x60,0x64 irq 1,12
[   12.995763] serio: i8042 KBD port at 0x60,0x64 irq 1
[   12.997374] serio: i8042 AUX port at 0x60,0x64 irq 12
[   12.999169] mousedev: PS/2 mouse device common for all mice
[   13.001662] rtc_cmos rtc_cmos: rtc core: registered rtc_cmos as rtc0
[   13.003846] rtc_cmos rtc_cmos: alarms up to one day, 114 bytes nvram
[   13.003907] input: AT Translated Set 2 keyboard as /devices/platform/i8042/serio0/input/input2
[   13.043668] i2c /dev entries driver
[   13.042] device-mapper: uevent: version 1.0.3
[   13.193207] device-mapper: ioctl: 4.34.0-ioctl (2015-10-28) initialised: dm-devel@redhat.com
[   13.308793] ledtrig-cpu: registered to indicate activity on CPUs
[   13.399530] NET: Registered protocol family 10
[   13.431323] NET: Registered protocol family 17
[   13.445273] Key type dns_resolver registered
[   13.526523] registered taskstats version 1
[   13.576491] Loading compiled-in X.509 certificates
[   13.649613] Loaded X.509 cert 'Build time autogenerated kernel key: 97a7db5071cab428e7f67f96f51ed8d32b3fc527'
[   13.811564] zswap: loaded using pool lzo/zbud
[   13.925643] Key type trusted registered
[   13.934953] Key type encrypted registered
[   14.011793] AppArmor: AppArmor sha1 policy hashing enabled
[   14.087783] ima: No TPM chip found, activating TPM-bypass!
[   14.092595] evm: HMAC attrs: 0x1
[   14.095908]   Magic number: 2:7:277
[   14.098746] tty tty14: hash matches
[   14.105588] rtc_cmos rtc_cmos: setting system clock to 2018-05-15 11:15:46 UTC (1526382946)
[   14.110126] BIOS EDD facility v0.16 2004-Jun-25, 0 devices found
[   14.112165] EDD information not available.
[   14.116218] Freeing unused kernel memory: 1508K
[   14.119150] Write protecting the kernel read-only data: 14336k
[   14.121584] Freeing unused kernel memory: 1696K
[   14.123362] Freeing unused kernel memory: 100K
Loading, please wait...
starting version 229
[   14.145525] random: systemd-udevd: uninitialized urandom read (16 bytes read, 7 bits of entropy available)
[   14.146340] random: udevadm: uninitialized urandom read (16 bytes read, 7 bits of entropy available)
[   14.146361] random: udevadm: uninitialized urandom read (16 bytes read, 7 bits of entropy available)
[   14.156012] random: udevadm: uninitialized urandom read (16 bytes read, 7 bits of entropy available)
[   14.156043] random: udevadm: uninitialized urandom read (16 bytes read, 7 bits of entropy available)
[   14.156140] random: udevadm: uninitialized urandom read (16 bytes read, 7 bits of entropy available)
[   14.156176] random: udevadm: uninitialized urandom read (16 bytes read, 7 bits of entropy available)
[   14.156211] random: udevadm: uninitialized urandom read (16 bytes read, 7 bits of entropy available)
[   14.156247] random: udevadm: uninitialized urandom read (16 bytes read, 7 bits of entropy available)
[   14.156280] random: udevadm: uninitialized urandom read (16 bytes read, 7 bits of entropy available)
[   15.217340] Fusion MPT base driver 3.04.20
[   15.220689] Copyright (c) 1999-2008 LSI Corporation
[   15.235540] e1000: Intel(R) PRO/1000 Network Driver - version 7.3.21-k8-NAPI
[   15.239595] e1000: Copyright (c) 1999-2006 Intel Corporation.
[   15.242169] AVX2 version of gcm_enc/dec engaged.
[   15.245278] AES CTR mode by8 optimization enabled
[   15.260680] Fusion MPT SPI Host driver 3.04.20
[   15.431673] input: ImExPS/2 Generic Explorer Mouse as /devices/platform/i8042/serio1/input/input4
[   15.624544] e1000 0000:00:03.0 eth0: (PCI:33MHz:32-bit) 02:ee:24:bb:8a:f6
[   15.798687] e1000 0000:00:03.0 eth0: Intel(R) PRO/1000 Network Connection
[   15.949704] mptbase: ioc0: Initiating bringup
[   16.219392] e1000 0000:00:03.0 enp0s3: renamed from eth0
[   16.895714] ioc0: LSI53C1030 A0: Capabilities={Initiator}
[   17.213218] scsi host2: ioc0: LSI53C1030 A0, FwRev=00000000h, Ports=1, MaxQ=256, IRQ=20
[   17.431244] scsi 2:0:0:0: Direct-Access     VBOX     HARDDISK         1.0  PQ: 0 ANSI: 5
[   17.451538] scsi target2:0:0: Beginning Domain Validation
[   17.459975] scsi target2:0:0: Domain Validation skipping write tests
[   17.465934] scsi target2:0:0: Ending Domain Validation
[   17.470040] scsi target2:0:0: asynchronous
[   17.472223] scsi 2:0:1:0: Direct-Access     VBOX     HARDDISK         1.0  PQ: 0 ANSI: 5
[   17.474942] scsi target2:0:1: Beginning Domain Validation
[   17.489938] scsi target2:0:1: Domain Validation skipping write tests
[   17.496083] scsi target2:0:1: Ending Domain Validation
[   17.500935] scsi target2:0:1: asynchronous
[   17.511247] sd 2:0:0:0: Attached scsi generic sg0 type 0
[   17.511269] sd 2:0:0:0: [sda] 20971520 512-byte logical blocks: (10.7 GB/10.0 GiB)
[   17.511499] sd 2:0:0:0: [sda] Write Protect is off
[   17.511647] sd 2:0:0:0: [sda] Incomplete mode parameter data
[   17.511648] sd 2:0:0:0: [sda] Assuming drive cache: write through
[   17.514673]  sda: sda1
[   17.515453] sd 2:0:0:0: [sda] Attached SCSI disk
[   17.522862] sd 2:0:1:0: [sdb] 20480 512-byte logical blocks: (10.5 MB/10.0 MiB)
[   17.587639] sd 2:0:1:0: Attached scsi generic sg1 type 0
[   17.596421] sd 2:0:1:0: [sdb] Write Protect is off
[   17.596688] sd 2:0:1:0: [sdb] Incomplete mode parameter data
[   17.596689] sd 2:0:1:0: [sdb] Assuming drive cache: write through
[   17.599975] sd 2:0:1:0: [sdb] Attached SCSI disk
Begin: Loading e[   19.302420] md: linear personality registered for level -1
ssential drivers[   19.394290] md: multipath personality registered for level -4
 ... [   19.485502] md: raid0 personality registered for level 0
[   19.551773] md: raid1 personality registered for level 1
[   19.722615] raid6: sse2x1   gen() 10286 MB/s
[   19.795244] raid6: sse2x1   xor()  8159 MB/s
[   19.926778] raid6: sse2x2   gen() 16001 MB/s
[   20.046751] raid6: sse2x2   xor() 10728 MB/s
[   20.118794] raid6: sse2x4   gen() 17229 MB/s
[   20.250604] raid6: sse2x4   xor() 12318 MB/s
[   20.350839] raid6: avx2x1   gen() 22434 MB/s
[   20.478816] raid6: avx2x2   gen() 28105 MB/s
[   20.606814] raid6: avx2x4   gen() 29921 MB/s
[   20.658499] raid6: using algorithm avx2x4 gen() 29921 MB/s
[   20.683372] raid6: using avx2x2 recovery algorithm
[   20.686164] xor: automatically using best checksumming function:
[   20.807293]    avx       : 19753.000 MB/sec
[   20.812404] async_tx: api initialized (async)
[   20.821386] md: raid6 personality registered for level 6
[   20.824344] md: raid5 personality registered for level 5
[   20.831859] md: raid4 personality registered for level 4
[   20.838717] md: raid10 personality registered for level 10
done.
Begin: Running /scripts/init-premount ... done.
Begin: Mounting root file system ... Begin: Running /scripts/local-top ... done.
Begin: Running /scripts/local-premount ... [   20.870902] Btrfs loaded
Scanning for Btrfs filesystems
done.
Warning: fsck not present, so skipping root file system
[   20.905552] EXT4-fs (sda1): mounted filesystem with ordered data mode. Opts: (null)
done.
Begin: Running /scripts/local-bottom ... done.
Begin: Running /scripts/init-bottom ... done.
[   21.014123] systemd[1]: systemd 229 running in system mode. (+PAM +AUDIT +SELINUX +IMA +APPARMOR +SMACK +SYSVINIT +UTMP +LIBCRYPTSETUP +GCRYPT +GNUTLS +ACL +XZ -LZ4 +SECCOMP +BLKID +ELFUTILS +KMOD -IDN)
[   21.390552] systemd[1]: Detected virtualization oracle.
[   21.391890] systemd[1]: Detected architecture x86-64.

Welcome to [1mUbuntu 16.04.4 LTS[0m!

[   21.432281] systemd[1]: Set hostname to <ubuntu>.
[   21.484932] systemd[1]: Initializing machine ID from random generator.
[   21.599746] systemd[1]: Installed transient /etc/machine-id file.
[   21.803166] random: nonblocking pool is initialized
[   21.823476] systemd[1]: Reached target Swap.
[[0;32m  OK  [0m] Reached target Swap.
[   21.825703] systemd[1]: Reached target System Time Synchronized.
[[0;32m  OK  [0m] Reached target System Time Synchronized.
[   21.830301] systemd[1]: Set up automount Arbitrary Executable File Formats File System Automount Point.
[[0;32m  OK  [0m] Set up automount Arbitrary Executab...ats File System Automount Point.
[   21.901301] systemd[1]: Listening on /dev/initctl Compatibility Named Pipe.
[[0;32m  OK  [0m] Listening on /dev/initctl Compatibility Named Pipe.
[   21.933337] systemd[1]: Listening on udev Kernel Socket.
[[0;32m  OK  [0m] Listening on udev Kernel Socket.
[   21.938204] systemd[1]: Reached target User and Group Name Lookups.
[[0;32m  OK  [0m] Reached target User and Group Name Lookups.
[   21.943638] systemd[1]: Started Trigger resolvconf update for networkd DNS.
[[0;32m  OK  [0m] Started Trigger resolvconf update for networkd DNS.
[   21.950901] systemd[1]: Created slice System Slice.
[[0;32m  OK  [0m] Created slice System Slice.
[   21.956906] systemd[1]: Listening on Syslog Socket.
[[0;32m  OK  [0m] Listening on Syslog Socket.
[   21.963880] systemd[1]: Listening on Device-mapper event daemon FIFOs.
[[0;32m  OK  [0m] Listening on Device-mapper event daemon FIFOs.
[   21.972627] systemd[1]: Listening on udev Control Socket.
[[0;32m  OK  [0m] Listening on udev Control Socket.
[   21.977988] systemd[1]: Created slice User and Session Slice.
[[0;32m  OK  [0m] Created slice User and Session Slice.
[   21.984374] systemd[1]: Reached target Slices.
[[0;32m  OK  [0m] Reached target Slices.
[   21.991788] systemd[1]: Started Forward Password Requests to Wall Directory Watch.
[[0;32m  OK  [0m] Started Forward Password Requests to Wall Directory Watch.
[   22.007407] systemd[1]: Listening on Journal Socket (/dev/log).
[[0;32m  OK  [0m] Listening on Journal Socket (/dev/log).
[   22.120327] systemd[1]: Listening on LVM2 poll daemon socket.
[[0;32m  OK  [0m] Listening on LVM2 poll daemon socket.
[   22.235632] systemd[1]: Listening on Journal Socket.
[[0;32m  OK  [0m] Listening on Journal Socket.
[   22.343127] systemd[1]: Mounting POSIX Message Queue File System...
         Mounting POSIX Message Queue File System...
[   22.507257] systemd[1]: Mounting Debug File System...
         Mounting Debug File System...
[   22.583162] systemd[1]: Starting Uncomplicated firewall...
         Starting Uncomplicated firewall...
[   22.743281] systemd[1]: Starting Create list of required static device nodes for the current kernel...
         Starting Create list of required st... nodes for the current kernel...
[   22.931133] systemd[1]: Starting Set console keymap...
         Starting Set console keymap...
[   23.008061] systemd[1]: Starting Load Kernel Modules...
         Starting Load Kernel Mo[   23.021927] Loading iSCSI transport class v2.0-870.
dules...
[   23.044062] systemd[1]: Starting Nameserver information manager...
         Starting Nameserver information manager[   23.058103] iscsi: registered transport (tcp)
...
[   23.068250] systemd[1]: Starting Remount Root and Kernel File Systems...
         Startin[   23.074251] EXT4-fs (sda1): re-mounted. Opts: (null)
g Remount Root and Kernel File Systems...
[   23.089680] systemd[1]: Created slice system-serial\x2dgetty.slice.
[[0;32m  OK  [0m] Created slice system-serial\x2dgetty.slice.
[   23.096221] systemd[1]: Listening on Journal Audit Socket.
[[0;32m  OK  [0m] Listening on Journal Audit Socket.
[   23.107333] iscsi: registered transport (iser)
[   23.171089] systemd[1]: Starting Journal Service...
         Starting Journal Service...
[   23.231899] systemd[1]: Mounting Huge Pages File System...
         Mounting Huge Pages File System...
[   23.346973] systemd[1]: Listening on LVM2 metadata daemon socket.
[[0;32m  OK  [0m] Listening on LVM2 metadata daemon socket.
[   23.539294] systemd[1]: Starting Monitoring of LVM2 mirrors, snapshots etc. using dmeventd or progress polling...
         Starting Monitoring of LVM2 mirrors... dmeventd or progress polling...
[   23.655547] systemd[1]: Reached target Encrypted Volumes.
[[0;32m  OK  [0m] Reached target Encrypted Volumes.
[   23.828572] systemd[1]: Mounted POSIX Message Queue File System.
[[0;32m  OK  [0m] Mounted POSIX Message Queue File System.
[   23.907304] systemd[1]: Mounted Debug File System.
[[0;32m  OK  [0m] Mounted Debug File System.
[   24.023756] systemd[1]: Mounted Huge Pages File System.
[[0;32m  OK  [0m] Mounted Huge Pages File System.
[   24.168205] systemd[1]: Started Journal Service.
[[0;32m  OK  [0m] Started Journal Service.
[[0;32m  OK  [0m] Started Uncomplicated firewall.
[[0;32m  OK  [0m] Started Create list of required sta...ce nodes for the current kernel.
[[0;32m  OK  [0m] Started Set console keymap.
[[0;32m  OK  [0m] Started Load Kernel Modules.
[[0;32m  OK  [0m] Started Remount Root and Kernel File Systems.
[[0;32m  OK  [0m] Started Nameserver information manager.
[[0;32m  OK  [0m] Started LVM2 metadata daemon.
         Starting Initial cloud-init job (pre-networking)...
         Starting udev Coldplug all Devices...
         Starting Load/Save Random Seed...
         Starting Apply Kernel Variables...
         Mounting FUSE Control File System...
         Starting Create Static Device Nodes in /dev...
         Starting Flush Journal to Persistent Storage...
[[0;32m  OK  [0m] Mounted FUSE Control File System.
[[0;32m  OK  [0m] Started Load/Save Random Seed.
[[0;32m  OK  [0m] Started Apply Kernel Variables.
[[0;32m  OK  [0m] Started Create Static Device Nodes in /dev.
[[0;32m  OK  [0m] Started udev Coldplug all Devices.
[[0;32m  OK  [0m] Started Flush Journal to Persistent Storage.
         Starting udev Kernel Device Manager...
[[0;32m  OK  [0m] Started udev Kernel Device Manager.
[[0;32m  OK  [0m] Started Dispatch Password Requests to Console Directory Watch.
[[0;32m  OK  [0m] Found device /dev/ttyS0.
[[0;32m  OK  [0m] Started Monitoring of LVM2 mirrors,...ng dmeventd or progress polling.
[[0;32m  OK  [0m] Reached target Local File Systems (Pre).
[[0;32m  OK  [0m] Reached target Local File Systems.
         Starting LSB: AppArmor initialization...
[   16.034020] cloud-init[435]: Cloud-init v. 18.2 running 'init-local' at Tue, 15 May 2018 11:15:57 +0000. Up 15.83 seconds.
         Starting Set console font and keymap...
         Starting Tell Plymouth To Write Out Runtime Data...
         Starting Create Volatile Files and Directories...
         Starting Commit a transient machine-id on disk...
[[0;1;31mFAILED[0m] Failed to start Set console font and keymap.
See 'systemctl status console-setup.service' for details.
[[0;32m  OK  [0m] Started Tell Plymouth To Write Out Runtime Data.
[[0;32m  OK  [0m] Started Create Volatile Files and Directories.
[[0;32m  OK  [0m] Started Commit a transient machine-id on disk.
[[0;32m  OK  [0m] Started Initial cloud-init job (pre-networking).
[[0;32m  OK  [0m] Listening on Load/Save RF Kill Switch Status /dev/rfkill Watch.
[[0;32m  OK  [0m] Reached target Network (Pre).
         Starting Update UTMP about System Boot/Shutdown...
[[0;32m  OK  [0m] Created slice system-getty.slice.
[[0;32m  OK  [0m] Started Update UTMP about System Boot/Shutdown.
[[0;32m  OK  [0m] Started LSB: AppArmor initialization.
         Starting Raise network interfaces...
[[0;32m  OK  [0m] Started Raise network interfaces.
[[0;32m  OK  [0m] Reached target Network.
         Starting Initial cloud-init job (metadata service crawler)...
[   18.163384] cloud-init[885]: Cloud-init v. 18.2 running 'init' at Tue, 15 May 2018 11:15:59 +0000. Up 17.63 seconds.
[   18.225501] cloud-init[885]: ci-info: +++++++++++++++++++++++++++++++++++++Net device info++++++++++++++++++++++++++++++++++++++
[   18.226169] cloud-init[885]: ci-info: +--------+------+----------------------------+---------------+-------+-------------------+
[[0;32m  OK  [0m] Started Initial cloud-init job (metadata service crawler).
[   18.226982] cloud-init[885]: ci-info: | Device |  Up  |          Address           |      Mask     | Scope |     Hw-Address    |
[   18.472562] cloud-init[885]: ci-info: +--------+------+----------------------------+---------------+-------+-------------------+
[   18.472981] cloud-init[885]: ci-info: | enp0s3 | True |         10.0.2.15          | 255.255.255.0 |   .   | 02:ee:24:bb:8a:f6 |
[[0;32m  OK  [0m] Reached target Cloud-config availability.
[[   18.473454] cloud-init[885]: ci-info: | enp0s3 | True | fe80::ee:24ff:febb:8af6/64 |       .       |  link | 02:ee:24:bb:8a:f6 |
[   18.549532] cloud-init[885]: ci-info: |   lo   | True |         127.0.0.1          |   255.0.0.0   |   .   |         .         |
[   18.549927] cloud-init[885]: ci-info: |   lo   | True |          ::1/128           |       .       |  host |         .         |
[0;32m  OK  [0m] Reached target Network is Online.
[   18.549967] cloud-init[885]: ci-info: +--------+------+----------------------------+---------------+-------+-------------------+
[   18.575310] cloud-init[885]: ci-info: +++++++++++++++++++++++++++Route IPv4 info++++++++++++++++++++++++++++
[   18.579965] cloud-init[885]: ci-info: +-------+-------------+----------+---------------+-----------+-------+
[   18.585701] cloud-init[885]: ci-info: | Route | Destination | Gateway  |    Genmask    | Interface | Flags |
[   18.589148] cloud-init[885]: ci-info: +-------+-------------+----------+---------------+-----------+-------+
[   18.592716] cloud-init[885]: ci-info: |   0   |   0.0.0.0   | 10.0.2.2 |    0.0.0.0    |   enp0s3  |   UG  |
[   18.593111] cloud-init[885]: ci-info: |   1   |   10.0.2.0  | 0.0.0.0  | 255.255.255.0 |   enp0s3  |   U   |
[   18.593336] cloud-init[885]: ci-info: +-------+-------------+----------+---------------+-----------+-------+
[   18.593551] cloud-init[885]: Generating public/private rsa key pair.
[   18.593775] cloud-init[885]: Your identification has been saved in /etc/ssh/ssh_host_rsa_key.
[   18.593984] cloud-init[885]: Your public key has been saved in /etc/ssh/ssh_host_rsa_key.pub.
[   18.594201] cloud-init[885]: The key fingerprint is:
[   18.594415] cloud-init[885]: SHA256:2VLH2KI0oyPPDdDRz4BtzzG49Bl1PhaMtWVFXGr2Uk8 root@ubuntu-xenial
[   18.594630] cloud-init[885]: The key's randomart image is:
[   18.594845] cloud-init[885]: +---[RSA 2048]----+
[   18.595062] cloud-init[885]: |      .+ . ..++oO|
[   18.595301] cloud-init[885]: |     ...B ++.o.*.|
[   18.595857] cloud-init[885]: |    . .o+O+=+ O E|
         Starting iSCSI initiator daemon (iscsid)...
[[   18.596122] cloud-init[885]: |     . o.BBo + =.|
[   19.213059] cloud-init[885]: |    . + S .   . o|
[0;32m  OK  [0m] Reached target System Initialization.
[   19.213422] cloud-init[885]: |     + + .     . |
[   19.300966] cloud-init[885]: |      o .        |
[   19.301483] cloud-init[885]: |                 |
         Starting Socket activation for snappy daemon.
[   19.302170] cloud-init[885]: |                 |
[   19.420695] cloud-init[885]: +----[SHA256]-----+
[   19.420978] cloud-init[885]: Generating public/private dsa key pair.
[[0;32m  OK  [0m] Started ACPI Events Check.
[   19.421571] cloud-init[885]: Your identification has been saved in /etc/ssh/ssh_host_dsa_key.
[   19.509254] cloud-init[885]: Your public key has been saved in /etc/ssh/ssh_host_dsa_key.pub.
[   19.509939] cloud-init[885]: The key fingerprint is:
[   19.510493] cloud-init[885]: SHA256:RGlYt3CsPk6sTllfgbiymqijpaFsv9eVllD3aiuOwPg root@ubuntu-xenial[
[0;32m  OK  [0m] Reached target Paths.
[[   19.510531] cloud-init[885]: The key's randomart image is:
[   19.658538] cloud-init[885]: +---[DSA 1024]----+
[0;32m  OK  [0m] Listening on UUID daemon activation socket.
[   19.658942] cloud-init[885]: |       o+oo      |
[   19.670236] cloud-init[885]: |      ..o*.+     |
[   19.670631] cloud-init[885]: |       .+.+ o    |
[[0;32m  OK  [0m] Listening on D-Bus System Message Bus Socket.
[   19.671479] cloud-init[885]: |       o..   o   |
[   19.681314] cloud-init[885]: |      .oS o o    |
[   19.681692] cloud-init[885]: |    o  ==* +     |
[   19.682200] cloud-init[885]: |. .. o=+o.o .    |
[   19.682566] cloud-init[885]: |+= ..=o.o. .     |
[[0;32m  OK  [0m[   19.682599] ] cloud-initStarted Daily Cleanup of Temporary Directories.[885]: 
|B+oo=E.....      |
[   19.682643] cloud-init[885]: +----[SHA256]-----+
[   19.700654] cloud-init[885]: Generating public/private ecdsa key pair.
[   19.701097] cloud-init[885]: Your identification has been saved in /etc/ssh/ssh_host_ecdsa_key.
[   19.701549] cloud-init[885]: Your public key has been saved in /etc/ssh/ssh_host_ecdsa_key.pub.
[   19.701937] cloud-init[885]: The key fingerprint is:
[   19.702343] cloud-init[885]: SHA256:CIJS/fvR1DJV3wxouJ6iqtoFLepzBgWmr9e0TOw+Dd4 root@ubuntu-xenial
         Starting LXD - unix socket.
[[   19.702718] cloud-init[885]: The key's randomart image is:
[   19.715958] cloud-init[885]: +---[ECDSA 256]---+
[   19.716385] cloud-init[885]: |  ..       . oo  |
[   19.716595] cloud-init[885]: | =  .     . +  +.|
[   19.716810] cloud-init[885]: |= o ..     =    +|
[   19.717027] cloud-init[885]: |o  + ...  = .    |
[   19.717294] cloud-init[885]: | .+.. ..S+ +     |
[   19.717693] cloud-init[885]: | o.o= . o +      |
[0;32m  OK  [0m] Started Daily apt download activities.
[[   19.717719] cloud-init[885]: |...B.= o o       |
[   19.906505] cloud-init[885]: |oo.+B E .        |
[0;32m  OK  [0m] Started Daily apt upgrade and clean activities.
[   19.907023] cloud-init[885]: |.+*ooo           |
[   19.997635] cloud-init[885]: +----[SHA256]-----+
[   19.998371] cloud-init[885]: Generating public/private ed25519 key pair.
[[0;32m  OK  [0m] Listening on ACPID Listen Socket.
[[   19.999093] cloud-init[885]: Your identification has been saved in /etc/ssh/ssh_host_ed25519_key.
[   20.110480] cloud-init[885]: Your public key has been saved in /etc/ssh/ssh_host_ed25519_key.pub.
[0;32m  OK  [0m] [   20.111018] Reached target Timers.cloud-init
[885]: The key fingerprint is:
[   20.111057] cloud-init[885]: SHA256:FB9M4kZxJlTtem1mRRxPB3mH82fN/PZYeHIEMfeFZIo root@ubuntu-xenial
[   20.312681] cloud-init[885]: The key's randomart image is:
[   20.313437] cloud-init[885]: +--[ED25519 256]--+
[   20.313842] cloud-init[885]: |       .B=*. .*O*|
[   20.314295] cloud-init[885]: |       o B.o.o*+X|
[   20.314609] cloud-init[885]: |        + E..  O=|
[   20.315081] cloud-init[885]: |       o    .   X|
[   20.315402] cloud-init[885]: |        S  . . =o|
[   20.315736] cloud-init[885]: |          . . B *|
[   20.316591] cloud-init[885]: |           . + B.|
[[   20.316957] [0;32m  OK  [0mcloud-init] [885]: Listening on Socket activation for snappy daemon.|              . .|

[[   20.316993] cloud-init[885]: |                 |
[   20.593694] cloud-init[885]: +----[SHA256]-----+
[0;32m  OK  [0m] Listening on LXD - unix socket.
[[0;32m  OK  [0m] Started iSCSI initiator daemon (iscsid).
         Starting Login to default iSCSI targets...
[[0;32m  OK  [0m] Reached target Sockets.
[[0;32m  OK  [0m] Reached target Basic System.
[[0;32m  OK  [0m] Started D-Bus System Message Bus.
         Starting LSB: Record successful boot for GRUB...
[[0;32m  OK  [0m] Started Regular background program processing daemon.
[[0;32m  OK  [0m] Started FUSE filesystem for LXC.
[[0;32m  OK  [0m] Started Unattended Upgrades Shutdown.
         Starting Pollinate to seed the pseudo random number generator...
         Starting Apply the settings specified in cloud-config...
[[0;32m  OK  [0m] Started Deferred execution scheduler.
         Starting LXD - container startup/shutdown...
         Starting Virtualbox guest utils...
         Starting /etc/rc.local Compatibility...
         Starting Accounts Service...
[[0;32m  OK  [0m] Started ACPI event daemon.
         Starting LSB: MD monitoring daemon...
         Starting System Logging Service...
         Starting Login Service...
         Starting Snappy daemon...
[[0;32m  OK  [0m] Started System Logging Service.
[[0;32m  OK  [0m] Started LXD - container startup/shutdown.
[[0;32m  OK  [0m] Started Pollinate to seed the pseudo random number generator.
[[0;32m  OK  [0m] Started /etc/rc.local Compatibility.
[[0;32m  OK  [0m] Started LSB: Record successful boot for GRUB.
[[0;32m  OK  [0m] Started Snappy daemon.
[[0;32m  OK  [0m] Started Login to default iSCSI targets.
[   21.285582] cloud-init[1007]: Generating locales (this might take a while)...
[[0;32m  OK  [0m] Started LSB: MD monitoring daemon.
[[0;32m  OK  [0m] Started Virtualbox guest utils.
         Starting Authenticate and Authorize Users to Run Privileged Tasks...
[[0;32m  OK  [0m] Reached target Remote File Systems (Pre).
[[0;32m  OK  [0m] Reached target Remote File Systems.
         Starting Permit User Sessions...
         Starting LSB: daemon to balance interrupts for SMP systems...
         Starting LSB: Set the CPU Frequency Scaling governor to "ondemand"...
         Starting LSB: automatic crash report generation...
         Starting OpenBSD Secure Shell server...
[[0;32m  OK  [0m] Started Permit User Sessions.
[[0;32m  OK  [0m] Started Login Service.
[[0;32m  OK  [0m] Started Authenticate and Authorize Users to Run Privileged Tasks.
[[0;32m  OK  [0m] Started Accounts Service.
[[0;32m  OK  [0m] Started OpenBSD Secure Shell server.
         Starting Terminate Plymouth Boot Screen...
         Starting Hold until boot process finishes up...
[[0;32m  OK  [0m] Started LSB: daemon to balance interrupts for SMP systems.
[[0;32m  OK  [0m] Started LSB: Set the CPU Frequency Scaling governor to "ondemand".
[[0;32m  OK  [0m] Started LSB: automatic crash report generation.
[[0;32m  OK  [0m] Started Terminate Plymouth Boot Screen.
[[0;32m  OK  [0m] Started Hold until boot process finishes up.
[[0;32m  OK  [0m] Started Getty on tty1.
[   21.972932] cloud-init[1007]:   en_US.UTF-8... done
[   21.976185] cloud-init[1007]: Generation complete.
[[0;32m  OK  [0m] Started Serial Getty on ttyS0.
[[0;32m  OK  [0m] Reached target Login Prompts.
         Starting Set console scheme...
[[0;32m  OK  [0m] Reached target Multi-User System.
[[0;32m  OK  [0m] Reached target Graphical Interface.
         Starting Update UTMP about System Runlevel Changes...
[[0;32m  OK  [0m] Started Set console scheme.
[[0;32m  OK  [0m] Started Update UTMP about System Runlevel Changes.
[   22.344409] cloud-init[1007]: Cloud-init v. 18.2 running 'modules:config' at Tue, 15 May 2018 11:16:02 +0000. Up 21.13 seconds.
[[0;32m  OK  [0m] Started Apply the settings specified in cloud-config.
         Starting Execute cloud user/final scripts...
ci-info: no authorized ssh keys fingerprints found for user ubuntu.
<14>May 15 11:16:04 ec2: 
<14>May 15 11:16:04 ec2: #############################################################
<14>May 15 11:16:04 ec2: -----BEGIN SSH HOST KEY FINGERPRINTS-----
<14>May 15 11:16:04 ec2: 1024 SHA256:RGlYt3CsPk6sTllfgbiymqijpaFsv9eVllD3aiuOwPg root@ubuntu-xenial (DSA)
<14>May 15 11:16:04 ec2: 256 SHA256:CIJS/fvR1DJV3wxouJ6iqtoFLepzBgWmr9e0TOw+Dd4 root@ubuntu-xenial (ECDSA)
<14>May 15 11:16:04 ec2: 256 SHA256:FB9M4kZxJlTtem1mRRxPB3mH82fN/PZYeHIEMfeFZIo root@ubuntu-xenial (ED25519)
<14>May 15 11:16:04 ec2: 2048 SHA256:2VLH2KI0oyPPDdDRz4BtzzG49Bl1PhaMtWVFXGr2Uk8 root@ubuntu-xenial (RSA)
<14>May 15 11:16:04 ec2: -----END SSH HOST KEY FINGERPRINTS-----
<14>May 15 11:16:04 ec2: #############################################################
-----BEGIN SSH HOST KEY KEYS-----
ecdsa-sha2-nistp256 AAAAE2VjZHNhLXNoYTItbmlzdHAyNTYAAAAIbmlzdHAyNTYAAABBBGC+39vb5FCHsHtQeQAGZoHEyHknYmNVkTgljZu8Hbl+CeD2XCAC7PAn1XfFbeancXpTbmTd5xeW8IZTQVOu32w= root@ubuntu-xenial
ssh-ed25519 AAAAC3NzaC1lZDI1NTE5AAAAIEnzuTP5vbv2qOy/glQXy+zOC2Gv68D9cHtGa0kgAr2n root@ubuntu-xenial
ssh-rsa AAAAB3NzaC1yc2EAAAADAQABAAABAQDB26ica+OVN1WYz62h0EQ3I4fpPqvZbJ7UXghUUm6Ib9a1JJIpK1+5hwhLBYaNK6TEW4JxmIV4TJb+EZbNr/CTBzPK21ejOHfaqmNoDv0qY+P2JlPdxcvKHzggozJWM5cPTgzbZX8EYgD3HM8Sx5XESGj9W/VP9gPnajc2bYRQRvGPD1qSIgBe46BZoBeEYygzgzP+nnz47t/kCfWWuq/xXEkZ0ZiRMA/sxP0GTXOohXVxl+c4zTvS09JUAeVjr7B6lrzyRiw+H5F8L21ijrWzHFaQFhkiwF891Oc3BbvjR+nj4vGFEzBlS49i0BpYMwE4ISa5fU8HsNd6FPvOmTrb root@ubuntu-xenial
-----END SSH HOST KEY KEYS-----
[   23.577512] cloud-init[1244]: Cloud-init v. 18.2 running 'modules:final' at Tue, 15 May 2018 11:16:04 +0000. Up 22.80 seconds.
[   23.648556] cloud-init[1244]: ci-info: no authorized ssh keys fingerprints found for user ubuntu.
[   23.649206] cloud-init[1244]: Cloud-init v. 18.2 finished at Tue, 15 May 2018 11:16:04 +0000. Datasource DataSourceNoCloud [seed=/dev/sdb][dsmode=net].  Up 23.57 seconds
[[0;32m  OK  [0m] Started Execute cloud user/final scripts.
[[0;32m  OK  [0m] Reached target Cloud-init target.

Ubuntu 16.04.4 LTS ubuntu-xenial ttyS0

ubuntu-xenial login: 